<?xml version="1.0" encoding="UTF-8"?>
<!-- Generated by org.testng.reporters.JUnitReportReporter -->
<testsuite hostname="LTIN236781" failures="0" tests="14" name="testCases.TC04_googleLoginTest" time="49.185" errors="0" timestamp="2024-02-20T09:57:31 IST" skipped="0">
  <testcase classname="testCases.TC04_googleLoginTest" name="clickOnNewBikesTest" time="3.387"/>
  <testcase classname="testCases.TC04_googleLoginTest" name="clickOnUpcomingBikesTest" time="1.620"/>
  <testcase classname="testCases.TC04_googleLoginTest" name="selectManufracturerTest" time="7.492"/>
  <testcase classname="testCases.TC04_googleLoginTest" name="filterBikesTest" time="11.877"/>
  <testcase classname="testCases.TC04_googleLoginTest" name="clickUsedCarsTest" time="0.203"/>
  <testcase classname="testCases.TC04_googleLoginTest" name="selectLocationTest" time="8.029"/>
  <testcase classname="testCases.TC04_googleLoginTest" name="verifyLocTest" time="0.609"/>
  <testcase classname="testCases.TC04_googleLoginTest" name="getPopularModelsTest" time="1.446"/>
  <testcase classname="testCases.TC04_googleLoginTest" name="navigateToHomeTest" time="7.603"/>
  <testcase classname="testCases.TC04_googleLoginTest" name="clickLoginTest" time="1.032"/>
  <testcase classname="testCases.TC04_googleLoginTest" name="clickGoogleLoginTest" time="0.539"/>
  <testcase classname="testCases.TC04_googleLoginTest" name="switchToLoginWindowTest" time="3.107"/>
  <testcase classname="testCases.TC04_googleLoginTest" name="emailInputTest" time="0.303"/>
  <testcase classname="testCases.TC04_googleLoginTest" name="verifyInputTest" time="1.938"/>
</testsuite> <!-- testCases.TC04_googleLoginTest -->
