<?xml version="1.0" encoding="UTF-8"?>
<!-- Generated by org.testng.reporters.JUnitReportReporter -->
<testsuite hostname="LTIN236781" failures="0" tests="14" name="testCases.googleLoginTest" time="51.644" errors="0" timestamp="2024-02-05T10:46:35 IST" skipped="0">
  <testcase classname="testCases.googleLoginTest" name="clickOnNewBikesTest" time="3.551"/>
  <testcase classname="testCases.googleLoginTest" name="clickOnUpcomingBikesTest" time="1.846"/>
  <testcase classname="testCases.googleLoginTest" name="selectManufracturerTest" time="4.843"/>
  <testcase classname="testCases.googleLoginTest" name="filterBikesTest" time="9.839"/>
  <testcase classname="testCases.googleLoginTest" name="clickUsedCarsTest" time="0.173"/>
  <testcase classname="testCases.googleLoginTest" name="selectLocationTest" time="12.875"/>
  <testcase classname="testCases.googleLoginTest" name="verifyLocTest" time="0.930"/>
  <testcase classname="testCases.googleLoginTest" name="getPopularModelsTest" time="0.263"/>
  <testcase classname="testCases.googleLoginTest" name="navigateToHomeTest" time="10.865"/>
  <testcase classname="testCases.googleLoginTest" name="clickLoginTest" time="1.121"/>
  <testcase classname="testCases.googleLoginTest" name="clickGoogleLoginTest" time="0.424"/>
  <testcase classname="testCases.googleLoginTest" name="switchToLoginWindowTest" time="3.069"/>
  <testcase classname="testCases.googleLoginTest" name="emailInputTest" time="0.256"/>
  <testcase classname="testCases.googleLoginTest" name="verifyInputTest" time="1.589"/>
</testsuite> <!-- testCases.googleLoginTest -->
