<?xml version="1.0" encoding="UTF-8"?>
<!-- Generated by org.testng.reporters.JUnitReportReporter -->
<testsuite hostname="LTIN236781" failures="0" tests="14" name="testCases.TC04_googleLoginTest" time="57.362" errors="0" timestamp="2024-02-06T12:35:52 IST" skipped="0">
  <testcase classname="testCases.TC04_googleLoginTest" name="clickOnNewBikesTest" time="3.064"/>
  <testcase classname="testCases.TC04_googleLoginTest" name="clickOnUpcomingBikesTest" time="12.028"/>
  <testcase classname="testCases.TC04_googleLoginTest" name="selectManufracturerTest" time="3.184"/>
  <testcase classname="testCases.TC04_googleLoginTest" name="filterBikesTest" time="10.285"/>
  <testcase classname="testCases.TC04_googleLoginTest" name="clickUsedCarsTest" time="0.163"/>
  <testcase classname="testCases.TC04_googleLoginTest" name="selectLocationTest" time="11.575"/>
  <testcase classname="testCases.TC04_googleLoginTest" name="verifyLocTest" time="0.361"/>
  <testcase classname="testCases.TC04_googleLoginTest" name="getPopularModelsTest" time="0.899"/>
  <testcase classname="testCases.TC04_googleLoginTest" name="navigateToHomeTest" time="8.882"/>
  <testcase classname="testCases.TC04_googleLoginTest" name="clickLoginTest" time="0.882"/>
  <testcase classname="testCases.TC04_googleLoginTest" name="clickGoogleLoginTest" time="0.358"/>
  <testcase classname="testCases.TC04_googleLoginTest" name="switchToLoginWindowTest" time="3.804"/>
  <testcase classname="testCases.TC04_googleLoginTest" name="emailInputTest" time="0.270"/>
  <testcase classname="testCases.TC04_googleLoginTest" name="verifyInputTest" time="1.607"/>
</testsuite> <!-- testCases.TC04_googleLoginTest -->
