<?xml version="1.0" encoding="UTF-8"?>
<!-- Generated by org.testng.reporters.JUnitReportReporter -->
<testsuite hostname="LTIN236781" failures="0" tests="5" name="testCases.zigWheelsHomeTest" time="28.570" errors="0" timestamp="2024-01-26T20:51:41 IST" skipped="0">
  <testcase classname="testCases.zigWheelsHomeTest" name="clickOnNewBikesTest" time="2.425"/>
  <testcase classname="testCases.zigWheelsHomeTest" name="clickOnUpcomingBikesTest" time="20.776"/>
  <testcase classname="testCases.zigWheelsHomeTest" name="clickLoginTest" time="0.376"/>
  <testcase classname="testCases.zigWheelsHomeTest" name="clickGoogleLoginTest" time="0.761"/>
  <testcase classname="testCases.zigWheelsHomeTest" name="switchToLoginWindowTest" time="4.232"/>
</testsuite> <!-- testCases.zigWheelsHomeTest -->
