<?xml version="1.0" encoding="UTF-8"?>
<!-- Generated by org.testng.reporters.JUnitReportReporter -->
<testsuite hostname="LTIN236781" failures="0" tests="14" name="testCases.TC04_googleLoginTest" time="36.433" errors="0" timestamp="2024-02-05T18:11:47 IST" skipped="0">
  <testcase classname="testCases.TC04_googleLoginTest" name="clickOnNewBikesTest" time="2.942"/>
  <testcase classname="testCases.TC04_googleLoginTest" name="clickOnUpcomingBikesTest" time="2.057"/>
  <testcase classname="testCases.TC04_googleLoginTest" name="selectManufracturerTest" time="2.395"/>
  <testcase classname="testCases.TC04_googleLoginTest" name="filterBikesTest" time="4.702"/>
  <testcase classname="testCases.TC04_googleLoginTest" name="clickUsedCarsTest" time="0.194"/>
  <testcase classname="testCases.TC04_googleLoginTest" name="selectLocationTest" time="9.501"/>
  <testcase classname="testCases.TC04_googleLoginTest" name="verifyLocTest" time="0.478"/>
  <testcase classname="testCases.TC04_googleLoginTest" name="getPopularModelsTest" time="0.271"/>
  <testcase classname="testCases.TC04_googleLoginTest" name="navigateToHomeTest" time="7.612"/>
  <testcase classname="testCases.TC04_googleLoginTest" name="clickLoginTest" time="0.858"/>
  <testcase classname="testCases.TC04_googleLoginTest" name="clickGoogleLoginTest" time="0.401"/>
  <testcase classname="testCases.TC04_googleLoginTest" name="switchToLoginWindowTest" time="3.072"/>
  <testcase classname="testCases.TC04_googleLoginTest" name="emailInputTest" time="0.261"/>
  <testcase classname="testCases.TC04_googleLoginTest" name="verifyInputTest" time="1.689"/>
</testsuite> <!-- testCases.TC04_googleLoginTest -->
