<?xml version="1.0" encoding="UTF-8"?>
<!-- Generated by org.testng.reporters.JUnitReportReporter -->
<testsuite hostname="LTIN236781" failures="0" tests="14" name="testCases.TC04_googleLoginTest" time="167.762" errors="0" timestamp="2024-02-12T12:24:05 IST" skipped="0">
  <testcase classname="testCases.TC04_googleLoginTest" name="clickOnNewBikesTest" time="2.914"/>
  <testcase classname="testCases.TC04_googleLoginTest" name="clickOnUpcomingBikesTest" time="31.486"/>
  <testcase classname="testCases.TC04_googleLoginTest" name="selectManufracturerTest" time="46.096"/>
  <testcase classname="testCases.TC04_googleLoginTest" name="filterBikesTest" time="6.752"/>
  <testcase classname="testCases.TC04_googleLoginTest" name="clickUsedCarsTest" time="0.147"/>
  <testcase classname="testCases.TC04_googleLoginTest" name="selectLocationTest" time="36.391"/>
  <testcase classname="testCases.TC04_googleLoginTest" name="verifyLocTest" time="0.271"/>
  <testcase classname="testCases.TC04_googleLoginTest" name="getPopularModelsTest" time="0.663"/>
  <testcase classname="testCases.TC04_googleLoginTest" name="navigateToHomeTest" time="38.016"/>
  <testcase classname="testCases.TC04_googleLoginTest" name="clickLoginTest" time="0.434"/>
  <testcase classname="testCases.TC04_googleLoginTest" name="clickGoogleLoginTest" time="0.223"/>
  <testcase classname="testCases.TC04_googleLoginTest" name="switchToLoginWindowTest" time="3.039"/>
  <testcase classname="testCases.TC04_googleLoginTest" name="emailInputTest" time="0.127"/>
  <testcase classname="testCases.TC04_googleLoginTest" name="verifyInputTest" time="1.203"/>
</testsuite> <!-- testCases.TC04_googleLoginTest -->
